2024-06-05 20:54:25 INFO [com.example.cookiemusicdemo.CookieMusicDemoApplication]: Starting CookieMusicDemoApplication using Java 1.8.0_181 on wangyuyan with PID 23964 (D:\CookieMusicDemo\target\classes started by wangqing in D:\CookieMusicDemo)
2024-06-05 20:54:25 INFO [com.example.cookiemusicdemo.CookieMusicDemoApplication]: The following profiles are active: dev
2024-06-05 20:54:25 INFO [org.springframework.boot.devtools.env.DevToolsPropertyDefaultsPostProcessor]: Devtools property defaults active! Set 'spring.devtools.add-properties' to 'false' to disable
2024-06-05 20:54:25 INFO [org.springframework.boot.devtools.env.DevToolsPropertyDefaultsPostProcessor]: For additional web related logging consider setting the 'logging.level.web' property to 'DEBUG'
2024-06-05 20:54:25 INFO [org.springframework.data.repository.config.RepositoryConfigurationDelegate]: Multiple Spring Data modules found, entering strict repository configuration mode!
2024-06-05 20:54:25 INFO [org.springframework.data.repository.config.RepositoryConfigurationDelegate]: Bootstrapping Spring Data Redis repositories in DEFAULT mode.
2024-06-05 20:54:25 INFO [org.springframework.data.repository.config.RepositoryConfigurationDelegate]: Finished Spring Data repository scanning in 11 ms. Found 0 Redis repository interfaces.
2024-06-05 20:54:27 INFO [org.springframework.boot.web.embedded.tomcat.TomcatWebServer]: Tomcat initialized with port(s): 8888 (http)
2024-06-05 20:54:28 INFO [org.springframework.boot.web.servlet.context.ServletWebServerApplicationContext]: Root WebApplicationContext: initialization completed in 2627 ms
2024-06-05 20:54:28 INFO [org.springframework.boot.devtools.autoconfigure.OptionalLiveReloadServer]: LiveReload server is running on port 35729
2024-06-05 20:54:28 INFO [org.springframework.boot.web.embedded.tomcat.TomcatWebServer]: Tomcat started on port(s): 8888 (http) with context path ''
2024-06-05 20:54:28 INFO [com.example.cookiemusicdemo.CookieMusicDemoApplication]: Started CookieMusicDemoApplication in 3.437 seconds (JVM running for 4.363)
2024-06-05 20:55:56 INFO [com.example.cookiemusicdemo.CookieMusicDemoApplication]: Starting CookieMusicDemoApplication using Java 1.8.0_181 on wangyuyan with PID 23728 (D:\CookieMusicDemo\target\classes started by wangqing in D:\CookieMusicDemo)
2024-06-05 20:55:56 INFO [com.example.cookiemusicdemo.CookieMusicDemoApplication]: The following profiles are active: dev
2024-06-05 20:55:56 INFO [org.springframework.boot.devtools.env.DevToolsPropertyDefaultsPostProcessor]: Devtools property defaults active! Set 'spring.devtools.add-properties' to 'false' to disable
2024-06-05 20:55:56 INFO [org.springframework.boot.devtools.env.DevToolsPropertyDefaultsPostProcessor]: For additional web related logging consider setting the 'logging.level.web' property to 'DEBUG'
2024-06-05 20:55:56 INFO [org.springframework.data.repository.config.RepositoryConfigurationDelegate]: Multiple Spring Data modules found, entering strict repository configuration mode!
2024-06-05 20:55:56 INFO [org.springframework.data.repository.config.RepositoryConfigurationDelegate]: Bootstrapping Spring Data Redis repositories in DEFAULT mode.
2024-06-05 20:55:56 INFO [org.springframework.data.repository.config.RepositoryConfigurationDelegate]: Finished Spring Data repository scanning in 9 ms. Found 0 Redis repository interfaces.
2024-06-05 20:55:58 INFO [org.springframework.boot.web.embedded.tomcat.TomcatWebServer]: Tomcat initialized with port(s): 8888 (http)
2024-06-05 20:55:58 INFO [org.springframework.boot.web.servlet.context.ServletWebServerApplicationContext]: Root WebApplicationContext: initialization completed in 1890 ms
2024-06-05 20:55:58 INFO [org.springframework.boot.devtools.autoconfigure.OptionalLiveReloadServer]: LiveReload server is running on port 35729
2024-06-05 20:55:58 INFO [org.springframework.boot.web.embedded.tomcat.TomcatWebServer]: Tomcat started on port(s): 8888 (http) with context path ''
2024-06-05 20:55:58 INFO [com.example.cookiemusicdemo.CookieMusicDemoApplication]: Started CookieMusicDemoApplication in 2.554 seconds (JVM running for 3.366)
2024-06-05 20:56:18 INFO [org.springframework.web.servlet.DispatcherServlet]: Initializing Servlet 'dispatcherServlet'
2024-06-05 20:56:18 INFO [org.springframework.web.servlet.DispatcherServlet]: Completed initialization in 1 ms
2024-06-05 20:56:19 INFO [com.zaxxer.hikari.HikariDataSource]: HikariPool-1 - Starting...
2024-06-05 20:56:19 INFO [com.zaxxer.hikari.HikariDataSource]: HikariPool-1 - Start completed.
2024-06-05 20:56:19 WARN [org.springframework.web.servlet.PageNotFound]: No mapping for GET /assets/images/user.png
2024-06-05 21:57:09 WARN [org.springframework.web.servlet.PageNotFound]: No mapping for GET /assets/images/user.png
2024-06-05 21:59:22 WARN [org.springframework.web.servlet.PageNotFound]: No mapping for GET /assets/images/user.png
2024-06-05 22:00:29 WARN [org.springframework.web.servlet.PageNotFound]: No mapping for GET /assets/images/user.png
2024-06-05 22:09:29 WARN [org.springframework.web.servlet.PageNotFound]: No mapping for GET /assets/images/user.png
2024-06-05 22:30:33 WARN [org.springframework.web.servlet.PageNotFound]: No mapping for GET /assets/images/user.png
2024-06-05 22:35:12 WARN [org.springframework.web.servlet.PageNotFound]: No mapping for GET /assets/images/user.png
2024-06-05 22:36:31 WARN [org.springframework.web.servlet.PageNotFound]: No mapping for GET /assets/images/user.png
2024-06-05 23:39:47 INFO [com.zaxxer.hikari.HikariDataSource]: HikariPool-1 - Shutdown initiated...
2024-06-05 23:39:47 INFO [com.zaxxer.hikari.HikariDataSource]: HikariPool-1 - Shutdown completed.
