2024-05-16 08:37:37 INFO [com.example.cookiemusicdemo.CookieMusicDemoApplication]: Starting CookieMusicDemoApplication using Java 1.8.0_181 on wangyuyan with PID 2948 (D:\CookieMusicDemo\target\classes started by wangqing in D:\CookieMusicDemo)
2024-05-16 08:37:37 INFO [com.example.cookiemusicdemo.CookieMusicDemoApplication]: The following profiles are active: dev
2024-05-16 08:37:37 INFO [org.springframework.boot.devtools.env.DevToolsPropertyDefaultsPostProcessor]: Devtools property defaults active! Set 'spring.devtools.add-properties' to 'false' to disable
2024-05-16 08:37:37 INFO [org.springframework.boot.devtools.env.DevToolsPropertyDefaultsPostProcessor]: For additional web related logging consider setting the 'logging.level.web' property to 'DEBUG'
2024-05-16 08:37:38 INFO [org.springframework.data.repository.config.RepositoryConfigurationDelegate]: Multiple Spring Data modules found, entering strict repository configuration mode!
2024-05-16 08:37:38 INFO [org.springframework.data.repository.config.RepositoryConfigurationDelegate]: Bootstrapping Spring Data Redis repositories in DEFAULT mode.
2024-05-16 08:37:38 INFO [org.springframework.data.repository.config.RepositoryConfigurationDelegate]: Finished Spring Data repository scanning in 24 ms. Found 0 Redis repository interfaces.
2024-05-16 08:37:42 INFO [org.springframework.boot.web.embedded.tomcat.TomcatWebServer]: Tomcat initialized with port(s): 8888 (http)
2024-05-16 08:37:43 INFO [org.springframework.boot.web.servlet.context.ServletWebServerApplicationContext]: Root WebApplicationContext: initialization completed in 5510 ms
2024-05-16 08:37:44 INFO [org.springframework.boot.devtools.autoconfigure.OptionalLiveReloadServer]: LiveReload server is running on port 35729
2024-05-16 08:37:44 INFO [org.springframework.boot.web.embedded.tomcat.TomcatWebServer]: Tomcat started on port(s): 8888 (http) with context path ''
2024-05-16 08:37:44 INFO [com.example.cookiemusicdemo.CookieMusicDemoApplication]: Started CookieMusicDemoApplication in 7.346 seconds (JVM running for 9.378)
2024-05-16 08:38:31 INFO [org.springframework.web.servlet.DispatcherServlet]: Initializing Servlet 'dispatcherServlet'
2024-05-16 08:38:31 INFO [org.springframework.web.servlet.DispatcherServlet]: Completed initialization in 2 ms
2024-05-16 08:38:31 INFO [com.zaxxer.hikari.HikariDataSource]: HikariPool-1 - Starting...
2024-05-16 08:38:31 INFO [com.zaxxer.hikari.HikariDataSource]: HikariPool-1 - Start completed.
2024-05-16 08:39:43 INFO [com.zaxxer.hikari.HikariDataSource]: HikariPool-1 - Shutdown initiated...
2024-05-16 08:39:43 INFO [com.zaxxer.hikari.HikariDataSource]: HikariPool-1 - Shutdown completed.
2024-05-16 08:52:53 INFO [com.example.cookiemusicdemo.CookieMusicDemoApplication]: Starting CookieMusicDemoApplication using Java 1.8.0_181 on wangyuyan with PID 19868 (D:\CookieMusicDemo\target\classes started by wangqing in D:\CookieMusicDemo)
2024-05-16 08:52:53 INFO [com.example.cookiemusicdemo.CookieMusicDemoApplication]: The following profiles are active: dev
2024-05-16 08:52:53 INFO [org.springframework.boot.devtools.env.DevToolsPropertyDefaultsPostProcessor]: Devtools property defaults active! Set 'spring.devtools.add-properties' to 'false' to disable
2024-05-16 08:52:53 INFO [org.springframework.boot.devtools.env.DevToolsPropertyDefaultsPostProcessor]: For additional web related logging consider setting the 'logging.level.web' property to 'DEBUG'
2024-05-16 08:52:54 INFO [org.springframework.data.repository.config.RepositoryConfigurationDelegate]: Multiple Spring Data modules found, entering strict repository configuration mode!
2024-05-16 08:52:54 INFO [org.springframework.data.repository.config.RepositoryConfigurationDelegate]: Bootstrapping Spring Data Redis repositories in DEFAULT mode.
2024-05-16 08:52:54 INFO [org.springframework.data.repository.config.RepositoryConfigurationDelegate]: Finished Spring Data repository scanning in 22 ms. Found 0 Redis repository interfaces.
2024-05-16 08:52:58 INFO [org.springframework.boot.web.embedded.tomcat.TomcatWebServer]: Tomcat initialized with port(s): 8888 (http)
2024-05-16 08:52:59 INFO [org.springframework.boot.web.servlet.context.ServletWebServerApplicationContext]: Root WebApplicationContext: initialization completed in 5289 ms
2024-05-16 08:53:00 INFO [org.springframework.boot.devtools.autoconfigure.OptionalLiveReloadServer]: LiveReload server is running on port 35729
2024-05-16 08:53:00 INFO [org.springframework.boot.web.embedded.tomcat.TomcatWebServer]: Tomcat started on port(s): 8888 (http) with context path ''
2024-05-16 08:53:00 INFO [com.example.cookiemusicdemo.CookieMusicDemoApplication]: Started CookieMusicDemoApplication in 6.959 seconds (JVM running for 8.924)
2024-05-16 08:53:44 INFO [org.springframework.web.servlet.DispatcherServlet]: Initializing Servlet 'dispatcherServlet'
2024-05-16 08:53:44 INFO [org.springframework.web.servlet.DispatcherServlet]: Completed initialization in 1 ms
2024-05-16 08:53:45 INFO [com.zaxxer.hikari.HikariDataSource]: HikariPool-1 - Starting...
2024-05-16 08:53:45 INFO [com.zaxxer.hikari.HikariDataSource]: HikariPool-1 - Start completed.
2024-05-16 08:55:04 INFO [com.zaxxer.hikari.HikariDataSource]: HikariPool-1 - Shutdown initiated...
2024-05-16 08:55:04 INFO [com.zaxxer.hikari.HikariDataSource]: HikariPool-1 - Shutdown completed.
2024-05-16 08:57:18 INFO [com.example.cookiemusicdemo.CookieMusicDemoApplication]: Starting CookieMusicDemoApplication using Java 1.8.0_181 on wangyuyan with PID 14632 (D:\CookieMusicDemo\target\classes started by wangqing in D:\CookieMusicDemo)
2024-05-16 08:57:18 INFO [com.example.cookiemusicdemo.CookieMusicDemoApplication]: The following profiles are active: dev
2024-05-16 08:57:18 INFO [org.springframework.boot.devtools.env.DevToolsPropertyDefaultsPostProcessor]: Devtools property defaults active! Set 'spring.devtools.add-properties' to 'false' to disable
2024-05-16 08:57:18 INFO [org.springframework.boot.devtools.env.DevToolsPropertyDefaultsPostProcessor]: For additional web related logging consider setting the 'logging.level.web' property to 'DEBUG'
2024-05-16 08:57:19 INFO [org.springframework.data.repository.config.RepositoryConfigurationDelegate]: Multiple Spring Data modules found, entering strict repository configuration mode!
2024-05-16 08:57:19 INFO [org.springframework.data.repository.config.RepositoryConfigurationDelegate]: Bootstrapping Spring Data Redis repositories in DEFAULT mode.
2024-05-16 08:57:19 INFO [org.springframework.data.repository.config.RepositoryConfigurationDelegate]: Finished Spring Data repository scanning in 20 ms. Found 0 Redis repository interfaces.
2024-05-16 08:57:22 INFO [org.springframework.boot.web.embedded.tomcat.TomcatWebServer]: Tomcat initialized with port(s): 8888 (http)
2024-05-16 08:57:22 INFO [org.springframework.boot.web.servlet.context.ServletWebServerApplicationContext]: Root WebApplicationContext: initialization completed in 4703 ms
2024-05-16 08:57:23 INFO [org.springframework.boot.devtools.autoconfigure.OptionalLiveReloadServer]: LiveReload server is running on port 35729
2024-05-16 08:57:23 INFO [org.springframework.boot.web.embedded.tomcat.TomcatWebServer]: Tomcat started on port(s): 8888 (http) with context path ''
2024-05-16 08:57:23 INFO [com.example.cookiemusicdemo.CookieMusicDemoApplication]: Started CookieMusicDemoApplication in 6.137 seconds (JVM running for 8.017)
2024-05-16 08:58:08 INFO [org.springframework.web.servlet.DispatcherServlet]: Initializing Servlet 'dispatcherServlet'
2024-05-16 08:58:08 INFO [org.springframework.web.servlet.DispatcherServlet]: Completed initialization in 1 ms
2024-05-16 08:58:08 INFO [com.zaxxer.hikari.HikariDataSource]: HikariPool-1 - Starting...
2024-05-16 08:58:09 INFO [com.zaxxer.hikari.HikariDataSource]: HikariPool-1 - Start completed.
2024-05-16 08:58:46 INFO [com.zaxxer.hikari.HikariDataSource]: HikariPool-1 - Shutdown initiated...
2024-05-16 08:58:46 INFO [com.zaxxer.hikari.HikariDataSource]: HikariPool-1 - Shutdown completed.
2024-05-16 10:07:07 INFO [com.example.cookiemusicdemo.CookieMusicDemoApplication]: Starting CookieMusicDemoApplication using Java 1.8.0_181 on wangyuyan with PID 16128 (D:\CookieMusicDemo\target\classes started by wangqing in D:\CookieMusicDemo)
2024-05-16 10:07:07 INFO [com.example.cookiemusicdemo.CookieMusicDemoApplication]: The following profiles are active: dev
2024-05-16 10:07:07 INFO [org.springframework.boot.devtools.env.DevToolsPropertyDefaultsPostProcessor]: Devtools property defaults active! Set 'spring.devtools.add-properties' to 'false' to disable
2024-05-16 10:07:07 INFO [org.springframework.boot.devtools.env.DevToolsPropertyDefaultsPostProcessor]: For additional web related logging consider setting the 'logging.level.web' property to 'DEBUG'
2024-05-16 10:07:08 INFO [org.springframework.data.repository.config.RepositoryConfigurationDelegate]: Multiple Spring Data modules found, entering strict repository configuration mode!
2024-05-16 10:07:08 INFO [org.springframework.data.repository.config.RepositoryConfigurationDelegate]: Bootstrapping Spring Data Redis repositories in DEFAULT mode.
2024-05-16 10:07:08 INFO [org.springframework.data.repository.config.RepositoryConfigurationDelegate]: Finished Spring Data repository scanning in 10 ms. Found 0 Redis repository interfaces.
2024-05-16 10:07:10 INFO [org.springframework.boot.web.embedded.tomcat.TomcatWebServer]: Tomcat initialized with port(s): 8888 (http)
2024-05-16 10:07:10 INFO [org.springframework.boot.web.servlet.context.ServletWebServerApplicationContext]: Root WebApplicationContext: initialization completed in 2119 ms
2024-05-16 10:07:10 INFO [org.springframework.boot.devtools.autoconfigure.OptionalLiveReloadServer]: LiveReload server is running on port 35729
2024-05-16 10:07:10 INFO [org.springframework.boot.web.embedded.tomcat.TomcatWebServer]: Tomcat started on port(s): 8888 (http) with context path ''
2024-05-16 10:07:10 INFO [com.example.cookiemusicdemo.CookieMusicDemoApplication]: Started CookieMusicDemoApplication in 2.841 seconds (JVM running for 3.787)
2024-05-16 10:10:20 INFO [com.example.cookiemusicdemo.CookieMusicDemoApplication]: Starting CookieMusicDemoApplication using Java 1.8.0_181 on wangyuyan with PID 20900 (D:\CookieMusicDemo\target\classes started by wangqing in D:\CookieMusicDemo)
2024-05-16 10:10:20 INFO [com.example.cookiemusicdemo.CookieMusicDemoApplication]: The following profiles are active: dev
2024-05-16 10:10:20 INFO [org.springframework.boot.devtools.env.DevToolsPropertyDefaultsPostProcessor]: Devtools property defaults active! Set 'spring.devtools.add-properties' to 'false' to disable
2024-05-16 10:10:20 INFO [org.springframework.boot.devtools.env.DevToolsPropertyDefaultsPostProcessor]: For additional web related logging consider setting the 'logging.level.web' property to 'DEBUG'
2024-05-16 10:10:20 INFO [org.springframework.data.repository.config.RepositoryConfigurationDelegate]: Multiple Spring Data modules found, entering strict repository configuration mode!
2024-05-16 10:10:20 INFO [org.springframework.data.repository.config.RepositoryConfigurationDelegate]: Bootstrapping Spring Data Redis repositories in DEFAULT mode.
2024-05-16 10:10:20 INFO [org.springframework.data.repository.config.RepositoryConfigurationDelegate]: Finished Spring Data repository scanning in 9 ms. Found 0 Redis repository interfaces.
2024-05-16 10:10:21 INFO [org.springframework.boot.web.embedded.tomcat.TomcatWebServer]: Tomcat initialized with port(s): 8888 (http)
2024-05-16 10:10:21 INFO [org.springframework.boot.web.servlet.context.ServletWebServerApplicationContext]: Root WebApplicationContext: initialization completed in 1824 ms
2024-05-16 10:10:22 INFO [org.springframework.boot.devtools.autoconfigure.OptionalLiveReloadServer]: LiveReload server is running on port 35729
2024-05-16 10:10:22 INFO [org.springframework.boot.web.embedded.tomcat.TomcatWebServer]: Tomcat started on port(s): 8888 (http) with context path ''
2024-05-16 10:10:22 INFO [com.example.cookiemusicdemo.CookieMusicDemoApplication]: Started CookieMusicDemoApplication in 2.584 seconds (JVM running for 3.361)
2024-05-16 10:10:53 INFO [org.springframework.web.servlet.DispatcherServlet]: Initializing Servlet 'dispatcherServlet'
2024-05-16 10:10:53 INFO [org.springframework.web.servlet.DispatcherServlet]: Completed initialization in 1 ms
2024-05-16 10:10:54 INFO [com.zaxxer.hikari.HikariDataSource]: HikariPool-1 - Starting...
2024-05-16 10:10:54 INFO [com.zaxxer.hikari.HikariDataSource]: HikariPool-1 - Start completed.
2024-05-16 10:13:13 INFO [com.zaxxer.hikari.HikariDataSource]: HikariPool-1 - Shutdown initiated...
2024-05-16 10:13:13 INFO [com.zaxxer.hikari.HikariDataSource]: HikariPool-1 - Shutdown completed.
2024-05-16 10:44:25 INFO [com.example.cookiemusicdemo.CookieMusicDemoApplication]: Starting CookieMusicDemoApplication using Java 1.8.0_181 on wangyuyan with PID 5212 (D:\CookieMusicDemo\target\classes started by wangqing in D:\CookieMusicDemo)
2024-05-16 10:44:25 INFO [com.example.cookiemusicdemo.CookieMusicDemoApplication]: The following profiles are active: dev
2024-05-16 10:44:25 INFO [org.springframework.boot.devtools.env.DevToolsPropertyDefaultsPostProcessor]: Devtools property defaults active! Set 'spring.devtools.add-properties' to 'false' to disable
2024-05-16 10:44:25 INFO [org.springframework.boot.devtools.env.DevToolsPropertyDefaultsPostProcessor]: For additional web related logging consider setting the 'logging.level.web' property to 'DEBUG'
2024-05-16 10:44:26 INFO [org.springframework.data.repository.config.RepositoryConfigurationDelegate]: Multiple Spring Data modules found, entering strict repository configuration mode!
2024-05-16 10:44:26 INFO [org.springframework.data.repository.config.RepositoryConfigurationDelegate]: Bootstrapping Spring Data Redis repositories in DEFAULT mode.
2024-05-16 10:44:26 INFO [org.springframework.data.repository.config.RepositoryConfigurationDelegate]: Finished Spring Data repository scanning in 8 ms. Found 0 Redis repository interfaces.
2024-05-16 10:44:27 INFO [org.springframework.boot.web.embedded.tomcat.TomcatWebServer]: Tomcat initialized with port(s): 8888 (http)
2024-05-16 10:44:27 INFO [org.springframework.boot.web.servlet.context.ServletWebServerApplicationContext]: Root WebApplicationContext: initialization completed in 1893 ms
2024-05-16 10:44:28 INFO [org.springframework.boot.devtools.autoconfigure.OptionalLiveReloadServer]: LiveReload server is running on port 35729
2024-05-16 10:44:28 INFO [org.springframework.boot.web.embedded.tomcat.TomcatWebServer]: Tomcat started on port(s): 8888 (http) with context path ''
2024-05-16 10:44:28 INFO [com.example.cookiemusicdemo.CookieMusicDemoApplication]: Started CookieMusicDemoApplication in 2.523 seconds (JVM running for 3.326)
2024-05-16 10:45:11 INFO [org.springframework.web.servlet.DispatcherServlet]: Initializing Servlet 'dispatcherServlet'
2024-05-16 10:45:11 INFO [org.springframework.web.servlet.DispatcherServlet]: Completed initialization in 1 ms
2024-05-16 10:45:11 INFO [com.zaxxer.hikari.HikariDataSource]: HikariPool-1 - Starting...
2024-05-16 10:45:11 INFO [com.zaxxer.hikari.HikariDataSource]: HikariPool-1 - Start completed.
