2026-03-31 19:22:21 INFO [com.example.cookiemusicdemo.CookieMusicDemoApplication]: Starting CookieMusicDemoApplication using Java 1.8.0_201 on DESKTOP-TB9ONMK with PID 30036 (F:\毕业设计\源码\CookieMusicDemo\target\classes started by CHER in F:\毕业设计\源码\CookieMusicDemo)
2026-03-31 19:22:21 INFO [com.example.cookiemusicdemo.CookieMusicDemoApplication]: The following profiles are active: dev
2026-03-31 19:22:21 INFO [org.springframework.boot.devtools.env.DevToolsPropertyDefaultsPostProcessor]: Devtools property defaults active! Set 'spring.devtools.add-properties' to 'false' to disable
2026-03-31 19:22:21 INFO [org.springframework.boot.devtools.env.DevToolsPropertyDefaultsPostProcessor]: For additional web related logging consider setting the 'logging.level.web' property to 'DEBUG'
2026-03-31 19:22:22 INFO [org.springframework.data.repository.config.RepositoryConfigurationDelegate]: Multiple Spring Data modules found, entering strict repository configuration mode!
2026-03-31 19:22:22 INFO [org.springframework.data.repository.config.RepositoryConfigurationDelegate]: Bootstrapping Spring Data Redis repositories in DEFAULT mode.
2026-03-31 19:22:22 INFO [org.springframework.data.repository.config.RepositoryConfigurationDelegate]: Finished Spring Data repository scanning in 18 ms. Found 0 Redis repository interfaces.
2026-03-31 19:22:25 INFO [org.springframework.boot.web.embedded.tomcat.TomcatWebServer]: Tomcat initialized with port(s): 8888 (http)
2026-03-31 19:22:25 INFO [org.springframework.boot.web.servlet.context.ServletWebServerApplicationContext]: Root WebApplicationContext: initialization completed in 3161 ms
2026-03-31 19:22:25 INFO [org.springframework.boot.devtools.autoconfigure.OptionalLiveReloadServer]: LiveReload server is running on port 35729
2026-03-31 19:22:25 INFO [org.springframework.boot.web.embedded.tomcat.TomcatWebServer]: Tomcat started on port(s): 8888 (http) with context path ''
2026-03-31 19:22:25 INFO [com.example.cookiemusicdemo.CookieMusicDemoApplication]: Started CookieMusicDemoApplication in 4.3 seconds (JVM running for 5.487)
2026-03-31 19:24:18 INFO [org.springframework.web.servlet.DispatcherServlet]: Initializing Servlet 'dispatcherServlet'
2026-03-31 19:24:18 INFO [org.springframework.web.servlet.DispatcherServlet]: Completed initialization in 11 ms
2026-03-31 19:24:19 INFO [com.zaxxer.hikari.HikariDataSource]: HikariPool-1 - Starting...
2026-03-31 19:24:20 INFO [com.zaxxer.hikari.HikariDataSource]: HikariPool-1 - Start completed.
2026-03-31 19:47:12 INFO [com.example.cookiemusicdemo.CookieMusicDemoApplication]: Starting CookieMusicDemoApplication using Java 1.8.0_201 on DESKTOP-TB9ONMK with PID 39676 (F:\毕业设计\源码\CookieMusicDemo\target\classes started by CHER in F:\毕业设计\源码\CookieMusicDemo)
2026-03-31 19:47:12 INFO [com.example.cookiemusicdemo.CookieMusicDemoApplication]: The following profiles are active: dev
2026-03-31 19:47:12 INFO [org.springframework.boot.devtools.env.DevToolsPropertyDefaultsPostProcessor]: Devtools property defaults active! Set 'spring.devtools.add-properties' to 'false' to disable
2026-03-31 19:47:12 INFO [org.springframework.boot.devtools.env.DevToolsPropertyDefaultsPostProcessor]: For additional web related logging consider setting the 'logging.level.web' property to 'DEBUG'
2026-03-31 19:47:12 INFO [org.springframework.data.repository.config.RepositoryConfigurationDelegate]: Multiple Spring Data modules found, entering strict repository configuration mode!
2026-03-31 19:47:12 INFO [org.springframework.data.repository.config.RepositoryConfigurationDelegate]: Bootstrapping Spring Data Redis repositories in DEFAULT mode.
2026-03-31 19:47:12 INFO [org.springframework.data.repository.config.RepositoryConfigurationDelegate]: Finished Spring Data repository scanning in 15 ms. Found 0 Redis repository interfaces.
2026-03-31 19:47:15 INFO [org.springframework.boot.web.embedded.tomcat.TomcatWebServer]: Tomcat initialized with port(s): 8888 (http)
2026-03-31 19:47:15 INFO [org.springframework.boot.web.servlet.context.ServletWebServerApplicationContext]: Root WebApplicationContext: initialization completed in 2986 ms
2026-03-31 19:47:15 INFO [org.springframework.boot.devtools.autoconfigure.OptionalLiveReloadServer]: LiveReload server is running on port 35729
2026-03-31 19:47:15 INFO [org.springframework.boot.web.embedded.tomcat.TomcatWebServer]: Tomcat started on port(s): 8888 (http) with context path ''
2026-03-31 19:47:15 INFO [com.example.cookiemusicdemo.CookieMusicDemoApplication]: Started CookieMusicDemoApplication in 4.035 seconds (JVM running for 5.314)
2026-03-31 19:47:24 INFO [org.springframework.web.servlet.DispatcherServlet]: Initializing Servlet 'dispatcherServlet'
2026-03-31 19:47:24 INFO [org.springframework.web.servlet.DispatcherServlet]: Completed initialization in 1 ms
2026-03-31 19:47:24 INFO [com.zaxxer.hikari.HikariDataSource]: HikariPool-1 - Starting...
2026-03-31 19:47:24 INFO [com.zaxxer.hikari.HikariDataSource]: HikariPool-1 - Start completed.
2026-03-31 19:54:12 INFO [com.example.cookiemusicdemo.CookieMusicDemoApplication]: Starting CookieMusicDemoApplication using Java 1.8.0_201 on DESKTOP-TB9ONMK with PID 29464 (F:\毕业设计\源码\CookieMusicDemo\target\classes started by CHER in F:\毕业设计\源码\CookieMusicDemo)
2026-03-31 19:54:12 INFO [com.example.cookiemusicdemo.CookieMusicDemoApplication]: The following profiles are active: dev
2026-03-31 19:54:12 INFO [org.springframework.boot.devtools.env.DevToolsPropertyDefaultsPostProcessor]: Devtools property defaults active! Set 'spring.devtools.add-properties' to 'false' to disable
2026-03-31 19:54:12 INFO [org.springframework.boot.devtools.env.DevToolsPropertyDefaultsPostProcessor]: For additional web related logging consider setting the 'logging.level.web' property to 'DEBUG'
2026-03-31 19:54:13 INFO [org.springframework.data.repository.config.RepositoryConfigurationDelegate]: Multiple Spring Data modules found, entering strict repository configuration mode!
2026-03-31 19:54:13 INFO [org.springframework.data.repository.config.RepositoryConfigurationDelegate]: Bootstrapping Spring Data Redis repositories in DEFAULT mode.
2026-03-31 19:54:13 INFO [org.springframework.data.repository.config.RepositoryConfigurationDelegate]: Finished Spring Data repository scanning in 18 ms. Found 0 Redis repository interfaces.
2026-03-31 19:54:15 INFO [org.springframework.boot.web.embedded.tomcat.TomcatWebServer]: Tomcat initialized with port(s): 8888 (http)
2026-03-31 19:54:15 INFO [org.springframework.boot.web.servlet.context.ServletWebServerApplicationContext]: Root WebApplicationContext: initialization completed in 3067 ms
2026-03-31 19:54:16 INFO [org.springframework.boot.devtools.autoconfigure.OptionalLiveReloadServer]: LiveReload server is running on port 35729
2026-03-31 19:54:16 INFO [org.springframework.boot.web.embedded.tomcat.TomcatWebServer]: Tomcat started on port(s): 8888 (http) with context path ''
2026-03-31 19:54:16 INFO [com.example.cookiemusicdemo.CookieMusicDemoApplication]: Started CookieMusicDemoApplication in 4.126 seconds (JVM running for 5.349)
2026-03-31 19:54:30 INFO [org.springframework.web.servlet.DispatcherServlet]: Initializing Servlet 'dispatcherServlet'
2026-03-31 19:54:30 INFO [org.springframework.web.servlet.DispatcherServlet]: Completed initialization in 2 ms
2026-03-31 19:54:30 INFO [com.zaxxer.hikari.HikariDataSource]: HikariPool-1 - Starting...
2026-03-31 19:54:30 INFO [com.zaxxer.hikari.HikariDataSource]: HikariPool-1 - Start completed.
2026-03-31 20:26:35 INFO [com.example.cookiemusicdemo.CookieMusicDemoApplication]: Starting CookieMusicDemoApplication using Java 1.8.0_201 on DESKTOP-TB9ONMK with PID 27104 (F:\毕业设计\源码\CookieMusicDemo\target\classes started by CHER in F:\毕业设计\源码\CookieMusicDemo)
2026-03-31 20:26:35 INFO [com.example.cookiemusicdemo.CookieMusicDemoApplication]: The following profiles are active: dev
2026-03-31 20:26:35 INFO [org.springframework.boot.devtools.env.DevToolsPropertyDefaultsPostProcessor]: Devtools property defaults active! Set 'spring.devtools.add-properties' to 'false' to disable
2026-03-31 20:26:35 INFO [org.springframework.boot.devtools.env.DevToolsPropertyDefaultsPostProcessor]: For additional web related logging consider setting the 'logging.level.web' property to 'DEBUG'
2026-03-31 20:26:36 INFO [org.springframework.data.repository.config.RepositoryConfigurationDelegate]: Multiple Spring Data modules found, entering strict repository configuration mode!
2026-03-31 20:26:36 INFO [org.springframework.data.repository.config.RepositoryConfigurationDelegate]: Bootstrapping Spring Data Redis repositories in DEFAULT mode.
2026-03-31 20:26:36 INFO [org.springframework.data.repository.config.RepositoryConfigurationDelegate]: Finished Spring Data repository scanning in 16 ms. Found 0 Redis repository interfaces.
2026-03-31 20:26:38 INFO [org.springframework.boot.web.embedded.tomcat.TomcatWebServer]: Tomcat initialized with port(s): 8888 (http)
2026-03-31 20:26:38 INFO [org.springframework.boot.web.servlet.context.ServletWebServerApplicationContext]: Root WebApplicationContext: initialization completed in 2937 ms
2026-03-31 20:26:39 INFO [org.springframework.boot.devtools.autoconfigure.OptionalLiveReloadServer]: LiveReload server is running on port 35729
2026-03-31 20:26:39 INFO [org.springframework.boot.web.embedded.tomcat.TomcatWebServer]: Tomcat started on port(s): 8888 (http) with context path ''
2026-03-31 20:26:39 INFO [com.example.cookiemusicdemo.CookieMusicDemoApplication]: Started CookieMusicDemoApplication in 3.964 seconds (JVM running for 6.054)
2026-03-31 20:26:58 INFO [org.springframework.web.servlet.DispatcherServlet]: Initializing Servlet 'dispatcherServlet'
2026-03-31 20:26:58 INFO [org.springframework.web.servlet.DispatcherServlet]: Completed initialization in 1 ms
2026-03-31 20:26:58 INFO [com.zaxxer.hikari.HikariDataSource]: HikariPool-1 - Starting...
2026-03-31 20:26:59 INFO [com.zaxxer.hikari.HikariDataSource]: HikariPool-1 - Start completed.
2026-03-31 21:08:09 INFO [com.example.cookiemusicdemo.CookieMusicDemoApplication]: Starting CookieMusicDemoApplication using Java 1.8.0_201 on DESKTOP-TB9ONMK with PID 38808 (F:\毕业设计\源码\CookieMusicDemo\target\classes started by CHER in F:\毕业设计\源码\CookieMusicDemo)
2026-03-31 21:08:09 INFO [com.example.cookiemusicdemo.CookieMusicDemoApplication]: The following profiles are active: dev
2026-03-31 21:08:09 INFO [org.springframework.boot.devtools.env.DevToolsPropertyDefaultsPostProcessor]: Devtools property defaults active! Set 'spring.devtools.add-properties' to 'false' to disable
2026-03-31 21:08:09 INFO [org.springframework.boot.devtools.env.DevToolsPropertyDefaultsPostProcessor]: For additional web related logging consider setting the 'logging.level.web' property to 'DEBUG'
2026-03-31 21:08:10 INFO [org.springframework.data.repository.config.RepositoryConfigurationDelegate]: Multiple Spring Data modules found, entering strict repository configuration mode!
2026-03-31 21:08:10 INFO [org.springframework.data.repository.config.RepositoryConfigurationDelegate]: Bootstrapping Spring Data Redis repositories in DEFAULT mode.
2026-03-31 21:08:10 INFO [org.springframework.data.repository.config.RepositoryConfigurationDelegate]: Finished Spring Data repository scanning in 18 ms. Found 0 Redis repository interfaces.
2026-03-31 21:08:12 INFO [org.springframework.boot.web.embedded.tomcat.TomcatWebServer]: Tomcat initialized with port(s): 8888 (http)
2026-03-31 21:08:12 INFO [org.springframework.boot.web.servlet.context.ServletWebServerApplicationContext]: Root WebApplicationContext: initialization completed in 3423 ms
2026-03-31 21:08:13 INFO [org.springframework.boot.devtools.autoconfigure.OptionalLiveReloadServer]: LiveReload server is running on port 35729
2026-03-31 21:08:13 INFO [org.springframework.boot.web.embedded.tomcat.TomcatWebServer]: Tomcat started on port(s): 8888 (http) with context path ''
2026-03-31 21:08:13 INFO [com.example.cookiemusicdemo.CookieMusicDemoApplication]: Started CookieMusicDemoApplication in 4.532 seconds (JVM running for 5.781)
2026-03-31 21:08:27 INFO [org.springframework.web.servlet.DispatcherServlet]: Initializing Servlet 'dispatcherServlet'
2026-03-31 21:08:27 INFO [org.springframework.web.servlet.DispatcherServlet]: Completed initialization in 0 ms
2026-03-31 21:08:29 INFO [com.zaxxer.hikari.HikariDataSource]: HikariPool-1 - Starting...
2026-03-31 21:08:29 INFO [com.zaxxer.hikari.HikariDataSource]: HikariPool-1 - Start completed.
2026-03-31 23:25:49 WARN [com.zaxxer.hikari.pool.HikariPool]: HikariPool-1 - Thread starvation or clock leap detected (housekeeper delta=32m47s905ms28µs800ns).
